<?xml version="1.0" encoding="UTF-8"?>
<!-- Generated by org.testng.reporters.JUnitReportReporter -->
<testsuite hostname="DESKTOP-THD52OT" failures="0" tests="1" name="Maven_FrameWork.Selenium_Framework.AppTest" time="18.275" errors="0" timestamp="2024-01-24T00:44:25 EST" skipped="0">
  <testcase classname="Maven_FrameWork.Selenium_Framework.AppTest" name="valid_application" time="18.275"/>
  <system-out/>
</testsuite> <!-- Maven_FrameWork.Selenium_Framework.AppTest -->
